Abaqus License Manager checked out the following license:
"cae" from Flexnet server license2.2e.hpc.psu.edu
<48 out of 50 licenses remain available>.
Abaqus License Manager checked out the following license:
"cae" from Flexnet server license2.2e.hpc.psu.edu
<48 out of 50 licenses remain available>.
Abaqus License Manager checked out the following license:
"cae" from Flexnet server license2.2e.hpc.psu.edu
<48 out of 50 licenses remain available>.
Abaqus License Manager checked out the following license:
"cae" from Flexnet server license2.2e.hpc.psu.edu
<48 out of 50 licenses remain available>.
Abaqus License Manager checked out the following license:
"cae" from Flexnet server license2.2e.hpc.psu.edu
<48 out of 50 licenses remain available>.
Abaqus License Manager checked out the following license:
"cae" from Flexnet server license2.2e.hpc.psu.edu
<48 out of 50 licenses remain available>.
Abaqus License Manager checked out the following license:
"cae" from Flexnet server license2.2e.hpc.psu.edu
<48 out of 50 licenses remain available>.
Abaqus License Manager checked out the following license:
"cae" from Flexnet server license2.2e.hpc.psu.edu
<48 out of 50 licenses remain available>.
Abaqus License Manager checked out the following license:
"cae" from Flexnet server license2.2e.hpc.psu.edu
<48 out of 50 licenses remain available>.
Abaqus License Manager checked out the following licenses:
Abaqus/Explicit checked out 8 tokens from Flexnet server license2.2e.hpc.psu.edu.
<266 out of 300 licenses remain available>.
Abaqus License Manager checked out the following licenses:
Abaqus/Explicit checked out 8 tokens from Flexnet server license2.2e.hpc.psu.edu.
<266 out of 300 licenses remain available>.
Abaqus License Manager checked out the following licenses:
Abaqus/Explicit checked out 8 tokens from Flexnet server license2.2e.hpc.psu.edu.
<266 out of 300 licenses remain available>.
Abaqus License Manager checked out the following licenses:
Abaqus/Explicit checked out 8 tokens from Flexnet server license2.2e.hpc.psu.edu.
<274 out of 300 licenses remain available>.
Abaqus License Manager checked out the following licenses:
Abaqus/Explicit checked out 8 tokens from Flexnet server license2.2e.hpc.psu.edu.
<266 out of 300 licenses remain available>.
Abaqus License Manager checked out the following licenses:
Abaqus/Explicit checked out 8 tokens from Flexnet server license2.2e.hpc.psu.edu.
<274 out of 300 licenses remain available>.
Abaqus License Manager checked out the following licenses:
Abaqus/Explicit checked out 8 tokens from Flexnet server license2.2e.hpc.psu.edu.
<274 out of 300 licenses remain available>.
Abaqus License Manager checked out the following licenses:
Abaqus/Explicit checked out 8 tokens from Flexnet server license2.2e.hpc.psu.edu.
<274 out of 300 licenses remain available>.
